C51 COMPILER V9.52.0.0   MAIN                                                              08/29/2018 16:05:52 PAGE 1   


C51 COMPILER V9.52.0.0, COMPILATION OF MODULE MAIN
OBJECT MODULE PLACED IN main.OBJ
COMPILER INVOKED BY: D:\Keil\C51\BIN\C51.EXE main.c OMF2 BROWSE DEBUG TABS(2)

line level    source

   1          #include"main.h"
   2          #include"LunarCalendar.h"
   3          #include<stdio.h>
   4          
   5          sbit LED_PIN = P3^1;
   6          
   7          void main()
   8          {
   9   1        unsigned char LunarDay, LunarMonth;
  10   1        unsigned int LunarYear;
  11   1      
  12   1        SCON  = 0x50;           /* SCON: mode 1, 8-bit UART, enable rcvr      */
  13   1          TMOD |= 0x20;               /* TMOD: timer 1, mode 2, 8-bit reload        */
  14   1          TH1   = -3;                /* TH1:  reload value for 9600 baud @ 11.0592MHz   */
  15   1          TR1   = 1;                  /* TR1:  timer 1 run                          */
  16   1          TI    = 1;                  /* TI:   set TI to send first char of UART    */
  17   1      
  18   1        Solar2Lunar(31, 12, 2099, &LunarDay, &LunarMonth, &LunarYear);
  19   1      
  20   1        printf("Lunar Date: %u/%u/%u",(int)LunarDay, (int)LunarMonth, (int)LunarYear);
  21   1      
  22   1        while(1)
  23   1        {
  24   2            
  25   2        }
  26   1      }


MODULE INFORMATION:   STATIC OVERLAYABLE
   CODE SIZE        =     80    ----
   CONSTANT SIZE    =     21    ----
   XDATA SIZE       =   ----    ----
   PDATA SIZE       =   ----    ----
   DATA SIZE        =   ----       4
   IDATA SIZE       =   ----    ----
   BIT SIZE         =   ----    ----
   EDATA SIZE       =   ----    ----
   HDATA SIZE       =   ----    ----
   XDATA CONST SIZE =   ----    ----
   FAR CONST SIZE   =   ----    ----
END OF MODULE INFORMATION.


C51 COMPILATION COMPLETE.  0 WARNING(S),  0 ERROR(S)
